Performing C SOURCE FILE Test WITH_STACK_PROTECTOR failed with the following output:
Change Dir: /home/pavan/APES/HWs/HW2/cmocka_unit_test/ecen5813/tutorials/unit_tests/3rd-party/build-Debug/cmocka/CMakeFiles/CMakeTmp

Run Build Command:"/usr/bin/make" "cmTC_b5561/fast"
make[2]: Entering directory '/home/pavan/APES/HWs/HW2/cmocka_unit_test/ecen5813/tutorials/unit_tests/3rd-party/build-Debug/cmocka/CMakeFiles/CMakeTmp'
/usr/bin/make -f CMakeFiles/cmTC_b5561.dir/build.make CMakeFiles/cmTC_b5561.dir/build
make[3]: Entering directory '/home/pavan/APES/HWs/HW2/cmocka_unit_test/ecen5813/tutorials/unit_tests/3rd-party/build-Debug/cmocka/CMakeFiles/CMakeTmp'
Building C object CMakeFiles/cmTC_b5561.dir/src.c.o
/usr/bin/cc    -Wall -Werror -g -O0 -I 3rd-party/build-Debug/include  -std=gnu99 -pedantic -pedantic-errors -Wall -Wextra -Wshadow -Wmissing-prototypes -Wdeclaration-after-statement -Wunused -Wfloat-equal -Wpointer-arith -Wwrite-strings -Wformat-security -Wmissing-format-attribute -Wundef -fPIC -DWITH_STACK_PROTECTOR   -fstack-protector -o CMakeFiles/cmTC_b5561.dir/src.c.o   -c /home/pavan/APES/HWs/HW2/cmocka_unit_test/ecen5813/tutorials/unit_tests/3rd-party/build-Debug/cmocka/CMakeFiles/CMakeTmp/src.c
/home/pavan/APES/HWs/HW2/cmocka_unit_test/ecen5813/tutorials/unit_tests/3rd-party/build-Debug/cmocka/CMakeFiles/CMakeTmp/src.c: In function ‘main’:
/home/pavan/APES/HWs/HW2/cmocka_unit_test/ecen5813/tutorials/unit_tests/3rd-party/build-Debug/cmocka/CMakeFiles/CMakeTmp/src.c:1:27: error: unused parameter ‘argv’ [-Werror=unused-parameter]
 int main(int argc, char **argv) { char buffer[256]; return buffer[argc]=0;}
                           ^
cc1: all warnings being treated as errors
CMakeFiles/cmTC_b5561.dir/build.make:65: recipe for target 'CMakeFiles/cmTC_b5561.dir/src.c.o' failed
make[3]: *** [CMakeFiles/cmTC_b5561.dir/src.c.o] Error 1
make[3]: Leaving directory '/home/pavan/APES/HWs/HW2/cmocka_unit_test/ecen5813/tutorials/unit_tests/3rd-party/build-Debug/cmocka/CMakeFiles/CMakeTmp'
Makefile:126: recipe for target 'cmTC_b5561/fast' failed
make[2]: *** [cmTC_b5561/fast] Error 2
make[2]: Leaving directory '/home/pavan/APES/HWs/HW2/cmocka_unit_test/ecen5813/tutorials/unit_tests/3rd-party/build-Debug/cmocka/CMakeFiles/CMakeTmp'

Source file was:
int main(int argc, char **argv) { char buffer[256]; return buffer[argc]=0;}
Determining if the include file io.h exists failed with the following output:
Change Dir: /home/pavan/APES/HWs/HW2/cmocka_unit_test/ecen5813/tutorials/unit_tests/3rd-party/build-Debug/cmocka/CMakeFiles/CMakeTmp

Run Build Command:"/usr/bin/make" "cmTC_c0ffd/fast"
make[2]: Entering directory '/home/pavan/APES/HWs/HW2/cmocka_unit_test/ecen5813/tutorials/unit_tests/3rd-party/build-Debug/cmocka/CMakeFiles/CMakeTmp'
/usr/bin/make -f CMakeFiles/cmTC_c0ffd.dir/build.make CMakeFiles/cmTC_c0ffd.dir/build
make[3]: Entering directory '/home/pavan/APES/HWs/HW2/cmocka_unit_test/ecen5813/tutorials/unit_tests/3rd-party/build-Debug/cmocka/CMakeFiles/CMakeTmp'
Building C object CMakeFiles/cmTC_c0ffd.dir/CheckIncludeFile.c.o
/usr/bin/cc    -Wall -Werror -g -O0 -I 3rd-party/build-Debug/include  -std=gnu99 -pedantic -pedantic-errors -Wall -Wextra -Wshadow -Wmissing-prototypes -Wdeclaration-after-statement -Wunused -Wfloat-equal -Wpointer-arith -Wwrite-strings -Wformat-security -Wmissing-format-attribute -Wundef -fPIC -D_GNU_SOURCE -D_LARGEFILE64_SOURCE    -o CMakeFiles/cmTC_c0ffd.dir/CheckIncludeFile.c.o   -c /home/pavan/APES/HWs/HW2/cmocka_unit_test/ecen5813/tutorials/unit_tests/3rd-party/build-Debug/cmocka/CMakeFiles/CMakeTmp/CheckIncludeFile.c
/home/pavan/APES/HWs/HW2/cmocka_unit_test/ecen5813/tutorials/unit_tests/3rd-party/build-Debug/cmocka/CMakeFiles/CMakeTmp/CheckIncludeFile.c:1:16: fatal error: io.h: No such file or directory
compilation terminated.
CMakeFiles/cmTC_c0ffd.dir/build.make:65: recipe for target 'CMakeFiles/cmTC_c0ffd.dir/CheckIncludeFile.c.o' failed
make[3]: *** [CMakeFiles/cmTC_c0ffd.dir/CheckIncludeFile.c.o] Error 1
make[3]: Leaving directory '/home/pavan/APES/HWs/HW2/cmocka_unit_test/ecen5813/tutorials/unit_tests/3rd-party/build-Debug/cmocka/CMakeFiles/CMakeTmp'
Makefile:126: recipe for target 'cmTC_c0ffd/fast' failed
make[2]: *** [cmTC_c0ffd/fast] Error 2
make[2]: Leaving directory '/home/pavan/APES/HWs/HW2/cmocka_unit_test/ecen5813/tutorials/unit_tests/3rd-party/build-Debug/cmocka/CMakeFiles/CMakeTmp'


Determining if the function calloc exists failed with the following output:
Change Dir: /home/pavan/APES/HWs/HW2/cmocka_unit_test/ecen5813/tutorials/unit_tests/3rd-party/build-Debug/cmocka/CMakeFiles/CMakeTmp

Run Build Command:"/usr/bin/make" "cmTC_9d034/fast"
make[2]: Entering directory '/home/pavan/APES/HWs/HW2/cmocka_unit_test/ecen5813/tutorials/unit_tests/3rd-party/build-Debug/cmocka/CMakeFiles/CMakeTmp'
/usr/bin/make -f CMakeFiles/cmTC_9d034.dir/build.make CMakeFiles/cmTC_9d034.dir/build
make[3]: Entering directory '/home/pavan/APES/HWs/HW2/cmocka_unit_test/ecen5813/tutorials/unit_tests/3rd-party/build-Debug/cmocka/CMakeFiles/CMakeTmp'
Building C object CMakeFiles/cmTC_9d034.dir/CheckFunctionExists.c.o
/usr/bin/cc    -Wall -Werror -g -O0 -I 3rd-party/build-Debug/include  -std=gnu99 -pedantic -pedantic-errors -Wall -Wextra -Wshadow -Wmissing-prototypes -Wdeclaration-after-statement -Wunused -Wfloat-equal -Wpointer-arith -Wwrite-strings -Wformat-security -Wmissing-format-attribute -Wundef -fPIC -D_GNU_SOURCE -D_LARGEFILE64_SOURCE -DCHECK_FUNCTION_EXISTS=calloc   -o CMakeFiles/cmTC_9d034.dir/CheckFunctionExists.c.o   -c /usr/share/cmake-3.5/Modules/CheckFunctionExists.c
<command-line>:0:23: error: conflicting types for built-in function ‘calloc’ [-Werror]
/usr/share/cmake-3.5/Modules/CheckFunctionExists.c:6:6: note: in expansion of macro ‘CHECK_FUNCTION_EXISTS’
 char CHECK_FUNCTION_EXISTS();
      ^
cc1: all warnings being treated as errors
CMakeFiles/cmTC_9d034.dir/build.make:65: recipe for target 'CMakeFiles/cmTC_9d034.dir/CheckFunctionExists.c.o' failed
make[3]: *** [CMakeFiles/cmTC_9d034.dir/CheckFunctionExists.c.o] Error 1
make[3]: Leaving directory '/home/pavan/APES/HWs/HW2/cmocka_unit_test/ecen5813/tutorials/unit_tests/3rd-party/build-Debug/cmocka/CMakeFiles/CMakeTmp'
Makefile:126: recipe for target 'cmTC_9d034/fast' failed
make[2]: *** [cmTC_9d034/fast] Error 2
make[2]: Leaving directory '/home/pavan/APES/HWs/HW2/cmocka_unit_test/ecen5813/tutorials/unit_tests/3rd-party/build-Debug/cmocka/CMakeFiles/CMakeTmp'


Determining if the function exit exists failed with the following output:
Change Dir: /home/pavan/APES/HWs/HW2/cmocka_unit_test/ecen5813/tutorials/unit_tests/3rd-party/build-Debug/cmocka/CMakeFiles/CMakeTmp

Run Build Command:"/usr/bin/make" "cmTC_37ec3/fast"
make[2]: Entering directory '/home/pavan/APES/HWs/HW2/cmocka_unit_test/ecen5813/tutorials/unit_tests/3rd-party/build-Debug/cmocka/CMakeFiles/CMakeTmp'
/usr/bin/make -f CMakeFiles/cmTC_37ec3.dir/build.make CMakeFiles/cmTC_37ec3.dir/build
make[3]: Entering directory '/home/pavan/APES/HWs/HW2/cmocka_unit_test/ecen5813/tutorials/unit_tests/3rd-party/build-Debug/cmocka/CMakeFiles/CMakeTmp'
Building C object CMakeFiles/cmTC_37ec3.dir/CheckFunctionExists.c.o
/usr/bin/cc    -Wall -Werror -g -O0 -I 3rd-party/build-Debug/include  -std=gnu99 -pedantic -pedantic-errors -Wall -Wextra -Wshadow -Wmissing-prototypes -Wdeclaration-after-statement -Wunused -Wfloat-equal -Wpointer-arith -Wwrite-strings -Wformat-security -Wmissing-format-attribute -Wundef -fPIC -D_GNU_SOURCE -D_LARGEFILE64_SOURCE -DCHECK_FUNCTION_EXISTS=exit   -o CMakeFiles/cmTC_37ec3.dir/CheckFunctionExists.c.o   -c /usr/share/cmake-3.5/Modules/CheckFunctionExists.c
<command-line>:0:23: error: conflicting types for built-in function ‘exit’ [-Werror]
/usr/share/cmake-3.5/Modules/CheckFunctionExists.c:6:6: note: in expansion of macro ‘CHECK_FUNCTION_EXISTS’
 char CHECK_FUNCTION_EXISTS();
      ^
cc1: all warnings being treated as errors
CMakeFiles/cmTC_37ec3.dir/build.make:65: recipe for target 'CMakeFiles/cmTC_37ec3.dir/CheckFunctionExists.c.o' failed
make[3]: *** [CMakeFiles/cmTC_37ec3.dir/CheckFunctionExists.c.o] Error 1
make[3]: Leaving directory '/home/pavan/APES/HWs/HW2/cmocka_unit_test/ecen5813/tutorials/unit_tests/3rd-party/build-Debug/cmocka/CMakeFiles/CMakeTmp'
Makefile:126: recipe for target 'cmTC_37ec3/fast' failed
make[2]: *** [cmTC_37ec3/fast] Error 2
make[2]: Leaving directory '/home/pavan/APES/HWs/HW2/cmocka_unit_test/ecen5813/tutorials/unit_tests/3rd-party/build-Debug/cmocka/CMakeFiles/CMakeTmp'


Determining if the function fprintf exists failed with the following output:
Change Dir: /home/pavan/APES/HWs/HW2/cmocka_unit_test/ecen5813/tutorials/unit_tests/3rd-party/build-Debug/cmocka/CMakeFiles/CMakeTmp

Run Build Command:"/usr/bin/make" "cmTC_dee1d/fast"
make[2]: Entering directory '/home/pavan/APES/HWs/HW2/cmocka_unit_test/ecen5813/tutorials/unit_tests/3rd-party/build-Debug/cmocka/CMakeFiles/CMakeTmp'
/usr/bin/make -f CMakeFiles/cmTC_dee1d.dir/build.make CMakeFiles/cmTC_dee1d.dir/build
make[3]: Entering directory '/home/pavan/APES/HWs/HW2/cmocka_unit_test/ecen5813/tutorials/unit_tests/3rd-party/build-Debug/cmocka/CMakeFiles/CMakeTmp'
Building C object CMakeFiles/cmTC_dee1d.dir/CheckFunctionExists.c.o
/usr/bin/cc    -Wall -Werror -g -O0 -I 3rd-party/build-Debug/include  -std=gnu99 -pedantic -pedantic-errors -Wall -Wextra -Wshadow -Wmissing-prototypes -Wdeclaration-after-statement -Wunused -Wfloat-equal -Wpointer-arith -Wwrite-strings -Wformat-security -Wmissing-format-attribute -Wundef -fPIC -D_GNU_SOURCE -D_LARGEFILE64_SOURCE -DCHECK_FUNCTION_EXISTS=fprintf   -o CMakeFiles/cmTC_dee1d.dir/CheckFunctionExists.c.o   -c /usr/share/cmake-3.5/Modules/CheckFunctionExists.c
<command-line>:0:23: error: conflicting types for built-in function ‘fprintf’ [-Werror]
/usr/share/cmake-3.5/Modules/CheckFunctionExists.c:6:6: note: in expansion of macro ‘CHECK_FUNCTION_EXISTS’
 char CHECK_FUNCTION_EXISTS();
      ^
cc1: all warnings being treated as errors
CMakeFiles/cmTC_dee1d.dir/build.make:65: recipe for target 'CMakeFiles/cmTC_dee1d.dir/CheckFunctionExists.c.o' failed
make[3]: *** [CMakeFiles/cmTC_dee1d.dir/CheckFunctionExists.c.o] Error 1
make[3]: Leaving directory '/home/pavan/APES/HWs/HW2/cmocka_unit_test/ecen5813/tutorials/unit_tests/3rd-party/build-Debug/cmocka/CMakeFiles/CMakeTmp'
Makefile:126: recipe for target 'cmTC_dee1d/fast' failed
make[2]: *** [cmTC_dee1d/fast] Error 2
make[2]: Leaving directory '/home/pavan/APES/HWs/HW2/cmocka_unit_test/ecen5813/tutorials/unit_tests/3rd-party/build-Debug/cmocka/CMakeFiles/CMakeTmp'


Determining if the function free exists failed with the following output:
Change Dir: /home/pavan/APES/HWs/HW2/cmocka_unit_test/ecen5813/tutorials/unit_tests/3rd-party/build-Debug/cmocka/CMakeFiles/CMakeTmp

Run Build Command:"/usr/bin/make" "cmTC_13a57/fast"
make[2]: Entering directory '/home/pavan/APES/HWs/HW2/cmocka_unit_test/ecen5813/tutorials/unit_tests/3rd-party/build-Debug/cmocka/CMakeFiles/CMakeTmp'
/usr/bin/make -f CMakeFiles/cmTC_13a57.dir/build.make CMakeFiles/cmTC_13a57.dir/build
make[3]: Entering directory '/home/pavan/APES/HWs/HW2/cmocka_unit_test/ecen5813/tutorials/unit_tests/3rd-party/build-Debug/cmocka/CMakeFiles/CMakeTmp'
Building C object CMakeFiles/cmTC_13a57.dir/CheckFunctionExists.c.o
/usr/bin/cc    -Wall -Werror -g -O0 -I 3rd-party/build-Debug/include  -std=gnu99 -pedantic -pedantic-errors -Wall -Wextra -Wshadow -Wmissing-prototypes -Wdeclaration-after-statement -Wunused -Wfloat-equal -Wpointer-arith -Wwrite-strings -Wformat-security -Wmissing-format-attribute -Wundef -fPIC -D_GNU_SOURCE -D_LARGEFILE64_SOURCE -DCHECK_FUNCTION_EXISTS=free   -o CMakeFiles/cmTC_13a57.dir/CheckFunctionExists.c.o   -c /usr/share/cmake-3.5/Modules/CheckFunctionExists.c
<command-line>:0:23: error: conflicting types for built-in function ‘free’ [-Werror]
/usr/share/cmake-3.5/Modules/CheckFunctionExists.c:6:6: note: in expansion of macro ‘CHECK_FUNCTION_EXISTS’
 char CHECK_FUNCTION_EXISTS();
      ^
cc1: all warnings being treated as errors
CMakeFiles/cmTC_13a57.dir/build.make:65: recipe for target 'CMakeFiles/cmTC_13a57.dir/CheckFunctionExists.c.o' failed
make[3]: *** [CMakeFiles/cmTC_13a57.dir/CheckFunctionExists.c.o] Error 1
make[3]: Leaving directory '/home/pavan/APES/HWs/HW2/cmocka_unit_test/ecen5813/tutorials/unit_tests/3rd-party/build-Debug/cmocka/CMakeFiles/CMakeTmp'
Makefile:126: recipe for target 'cmTC_13a57/fast' failed
make[2]: *** [cmTC_13a57/fast] Error 2
make[2]: Leaving directory '/home/pavan/APES/HWs/HW2/cmocka_unit_test/ecen5813/tutorials/unit_tests/3rd-party/build-Debug/cmocka/CMakeFiles/CMakeTmp'


Determining if the function malloc exists failed with the following output:
Change Dir: /home/pavan/APES/HWs/HW2/cmocka_unit_test/ecen5813/tutorials/unit_tests/3rd-party/build-Debug/cmocka/CMakeFiles/CMakeTmp

Run Build Command:"/usr/bin/make" "cmTC_4b950/fast"
make[2]: Entering directory '/home/pavan/APES/HWs/HW2/cmocka_unit_test/ecen5813/tutorials/unit_tests/3rd-party/build-Debug/cmocka/CMakeFiles/CMakeTmp'
/usr/bin/make -f CMakeFiles/cmTC_4b950.dir/build.make CMakeFiles/cmTC_4b950.dir/build
make[3]: Entering directory '/home/pavan/APES/HWs/HW2/cmocka_unit_test/ecen5813/tutorials/unit_tests/3rd-party/build-Debug/cmocka/CMakeFiles/CMakeTmp'
Building C object CMakeFiles/cmTC_4b950.dir/CheckFunctionExists.c.o
/usr/bin/cc    -Wall -Werror -g -O0 -I 3rd-party/build-Debug/include  -std=gnu99 -pedantic -pedantic-errors -Wall -Wextra -Wshadow -Wmissing-prototypes -Wdeclaration-after-statement -Wunused -Wfloat-equal -Wpointer-arith -Wwrite-strings -Wformat-security -Wmissing-format-attribute -Wundef -fPIC -D_GNU_SOURCE -D_LARGEFILE64_SOURCE -DCHECK_FUNCTION_EXISTS=malloc   -o CMakeFiles/cmTC_4b950.dir/CheckFunctionExists.c.o   -c /usr/share/cmake-3.5/Modules/CheckFunctionExists.c
<command-line>:0:23: error: conflicting types for built-in function ‘malloc’ [-Werror]
/usr/share/cmake-3.5/Modules/CheckFunctionExists.c:6:6: note: in expansion of macro ‘CHECK_FUNCTION_EXISTS’
 char CHECK_FUNCTION_EXISTS();
      ^
cc1: all warnings being treated as errors
CMakeFiles/cmTC_4b950.dir/build.make:65: recipe for target 'CMakeFiles/cmTC_4b950.dir/CheckFunctionExists.c.o' failed
make[3]: *** [CMakeFiles/cmTC_4b950.dir/CheckFunctionExists.c.o] Error 1
make[3]: Leaving directory '/home/pavan/APES/HWs/HW2/cmocka_unit_test/ecen5813/tutorials/unit_tests/3rd-party/build-Debug/cmocka/CMakeFiles/CMakeTmp'
Makefile:126: recipe for target 'cmTC_4b950/fast' failed
make[2]: *** [cmTC_4b950/fast] Error 2
make[2]: Leaving directory '/home/pavan/APES/HWs/HW2/cmocka_unit_test/ecen5813/tutorials/unit_tests/3rd-party/build-Debug/cmocka/CMakeFiles/CMakeTmp'


Determining if the function memcpy exists failed with the following output:
Change Dir: /home/pavan/APES/HWs/HW2/cmocka_unit_test/ecen5813/tutorials/unit_tests/3rd-party/build-Debug/cmocka/CMakeFiles/CMakeTmp

Run Build Command:"/usr/bin/make" "cmTC_5eb2f/fast"
make[2]: Entering directory '/home/pavan/APES/HWs/HW2/cmocka_unit_test/ecen5813/tutorials/unit_tests/3rd-party/build-Debug/cmocka/CMakeFiles/CMakeTmp'
/usr/bin/make -f CMakeFiles/cmTC_5eb2f.dir/build.make CMakeFiles/cmTC_5eb2f.dir/build
make[3]: Entering directory '/home/pavan/APES/HWs/HW2/cmocka_unit_test/ecen5813/tutorials/unit_tests/3rd-party/build-Debug/cmocka/CMakeFiles/CMakeTmp'
Building C object CMakeFiles/cmTC_5eb2f.dir/CheckFunctionExists.c.o
/usr/bin/cc    -Wall -Werror -g -O0 -I 3rd-party/build-Debug/include  -std=gnu99 -pedantic -pedantic-errors -Wall -Wextra -Wshadow -Wmissing-prototypes -Wdeclaration-after-statement -Wunused -Wfloat-equal -Wpointer-arith -Wwrite-strings -Wformat-security -Wmissing-format-attribute -Wundef -fPIC -D_GNU_SOURCE -D_LARGEFILE64_SOURCE -DCHECK_FUNCTION_EXISTS=memcpy   -o CMakeFiles/cmTC_5eb2f.dir/CheckFunctionExists.c.o   -c /usr/share/cmake-3.5/Modules/CheckFunctionExists.c
<command-line>:0:23: error: conflicting types for built-in function ‘memcpy’ [-Werror]
/usr/share/cmake-3.5/Modules/CheckFunctionExists.c:6:6: note: in expansion of macro ‘CHECK_FUNCTION_EXISTS’
 char CHECK_FUNCTION_EXISTS();
      ^
cc1: all warnings being treated as errors
CMakeFiles/cmTC_5eb2f.dir/build.make:65: recipe for target 'CMakeFiles/cmTC_5eb2f.dir/CheckFunctionExists.c.o' failed
make[3]: *** [CMakeFiles/cmTC_5eb2f.dir/CheckFunctionExists.c.o] Error 1
make[3]: Leaving directory '/home/pavan/APES/HWs/HW2/cmocka_unit_test/ecen5813/tutorials/unit_tests/3rd-party/build-Debug/cmocka/CMakeFiles/CMakeTmp'
Makefile:126: recipe for target 'cmTC_5eb2f/fast' failed
make[2]: *** [cmTC_5eb2f/fast] Error 2
make[2]: Leaving directory '/home/pavan/APES/HWs/HW2/cmocka_unit_test/ecen5813/tutorials/unit_tests/3rd-party/build-Debug/cmocka/CMakeFiles/CMakeTmp'


Determining if the function memset exists failed with the following output:
Change Dir: /home/pavan/APES/HWs/HW2/cmocka_unit_test/ecen5813/tutorials/unit_tests/3rd-party/build-Debug/cmocka/CMakeFiles/CMakeTmp

Run Build Command:"/usr/bin/make" "cmTC_387c3/fast"
make[2]: Entering directory '/home/pavan/APES/HWs/HW2/cmocka_unit_test/ecen5813/tutorials/unit_tests/3rd-party/build-Debug/cmocka/CMakeFiles/CMakeTmp'
/usr/bin/make -f CMakeFiles/cmTC_387c3.dir/build.make CMakeFiles/cmTC_387c3.dir/build
make[3]: Entering directory '/home/pavan/APES/HWs/HW2/cmocka_unit_test/ecen5813/tutorials/unit_tests/3rd-party/build-Debug/cmocka/CMakeFiles/CMakeTmp'
Building C object CMakeFiles/cmTC_387c3.dir/CheckFunctionExists.c.o
/usr/bin/cc    -Wall -Werror -g -O0 -I 3rd-party/build-Debug/include  -std=gnu99 -pedantic -pedantic-errors -Wall -Wextra -Wshadow -Wmissing-prototypes -Wdeclaration-after-statement -Wunused -Wfloat-equal -Wpointer-arith -Wwrite-strings -Wformat-security -Wmissing-format-attribute -Wundef -fPIC -D_GNU_SOURCE -D_LARGEFILE64_SOURCE -DCHECK_FUNCTION_EXISTS=memset   -o CMakeFiles/cmTC_387c3.dir/CheckFunctionExists.c.o   -c /usr/share/cmake-3.5/Modules/CheckFunctionExists.c
<command-line>:0:23: error: conflicting types for built-in function ‘memset’ [-Werror]
/usr/share/cmake-3.5/Modules/CheckFunctionExists.c:6:6: note: in expansion of macro ‘CHECK_FUNCTION_EXISTS’
 char CHECK_FUNCTION_EXISTS();
      ^
cc1: all warnings being treated as errors
CMakeFiles/cmTC_387c3.dir/build.make:65: recipe for target 'CMakeFiles/cmTC_387c3.dir/CheckFunctionExists.c.o' failed
make[3]: *** [CMakeFiles/cmTC_387c3.dir/CheckFunctionExists.c.o] Error 1
make[3]: Leaving directory '/home/pavan/APES/HWs/HW2/cmocka_unit_test/ecen5813/tutorials/unit_tests/3rd-party/build-Debug/cmocka/CMakeFiles/CMakeTmp'
Makefile:126: recipe for target 'cmTC_387c3/fast' failed
make[2]: *** [cmTC_387c3/fast] Error 2
make[2]: Leaving directory '/home/pavan/APES/HWs/HW2/cmocka_unit_test/ecen5813/tutorials/unit_tests/3rd-party/build-Debug/cmocka/CMakeFiles/CMakeTmp'


Determining if the function printf exists failed with the following output:
Change Dir: /home/pavan/APES/HWs/HW2/cmocka_unit_test/ecen5813/tutorials/unit_tests/3rd-party/build-Debug/cmocka/CMakeFiles/CMakeTmp

Run Build Command:"/usr/bin/make" "cmTC_41c22/fast"
make[2]: Entering directory '/home/pavan/APES/HWs/HW2/cmocka_unit_test/ecen5813/tutorials/unit_tests/3rd-party/build-Debug/cmocka/CMakeFiles/CMakeTmp'
/usr/bin/make -f CMakeFiles/cmTC_41c22.dir/build.make CMakeFiles/cmTC_41c22.dir/build
make[3]: Entering directory '/home/pavan/APES/HWs/HW2/cmocka_unit_test/ecen5813/tutorials/unit_tests/3rd-party/build-Debug/cmocka/CMakeFiles/CMakeTmp'
Building C object CMakeFiles/cmTC_41c22.dir/CheckFunctionExists.c.o
/usr/bin/cc    -Wall -Werror -g -O0 -I 3rd-party/build-Debug/include  -std=gnu99 -pedantic -pedantic-errors -Wall -Wextra -Wshadow -Wmissing-prototypes -Wdeclaration-after-statement -Wunused -Wfloat-equal -Wpointer-arith -Wwrite-strings -Wformat-security -Wmissing-format-attribute -Wundef -fPIC -D_GNU_SOURCE -D_LARGEFILE64_SOURCE -DCHECK_FUNCTION_EXISTS=printf   -o CMakeFiles/cmTC_41c22.dir/CheckFunctionExists.c.o   -c /usr/share/cmake-3.5/Modules/CheckFunctionExists.c
<command-line>:0:23: error: conflicting types for built-in function ‘printf’ [-Werror]
/usr/share/cmake-3.5/Modules/CheckFunctionExists.c:6:6: note: in expansion of macro ‘CHECK_FUNCTION_EXISTS’
 char CHECK_FUNCTION_EXISTS();
      ^
cc1: all warnings being treated as errors
CMakeFiles/cmTC_41c22.dir/build.make:65: recipe for target 'CMakeFiles/cmTC_41c22.dir/CheckFunctionExists.c.o' failed
make[3]: *** [CMakeFiles/cmTC_41c22.dir/CheckFunctionExists.c.o] Error 1
make[3]: Leaving directory '/home/pavan/APES/HWs/HW2/cmocka_unit_test/ecen5813/tutorials/unit_tests/3rd-party/build-Debug/cmocka/CMakeFiles/CMakeTmp'
Makefile:126: recipe for target 'cmTC_41c22/fast' failed
make[2]: *** [cmTC_41c22/fast] Error 2
make[2]: Leaving directory '/home/pavan/APES/HWs/HW2/cmocka_unit_test/ecen5813/tutorials/unit_tests/3rd-party/build-Debug/cmocka/CMakeFiles/CMakeTmp'


Determining if the function strcmp exists failed with the following output:
Change Dir: /home/pavan/APES/HWs/HW2/cmocka_unit_test/ecen5813/tutorials/unit_tests/3rd-party/build-Debug/cmocka/CMakeFiles/CMakeTmp

Run Build Command:"/usr/bin/make" "cmTC_8937e/fast"
make[2]: Entering directory '/home/pavan/APES/HWs/HW2/cmocka_unit_test/ecen5813/tutorials/unit_tests/3rd-party/build-Debug/cmocka/CMakeFiles/CMakeTmp'
/usr/bin/make -f CMakeFiles/cmTC_8937e.dir/build.make CMakeFiles/cmTC_8937e.dir/build
make[3]: Entering directory '/home/pavan/APES/HWs/HW2/cmocka_unit_test/ecen5813/tutorials/unit_tests/3rd-party/build-Debug/cmocka/CMakeFiles/CMakeTmp'
Building C object CMakeFiles/cmTC_8937e.dir/CheckFunctionExists.c.o
/usr/bin/cc    -Wall -Werror -g -O0 -I 3rd-party/build-Debug/include  -std=gnu99 -pedantic -pedantic-errors -Wall -Wextra -Wshadow -Wmissing-prototypes -Wdeclaration-after-statement -Wunused -Wfloat-equal -Wpointer-arith -Wwrite-strings -Wformat-security -Wmissing-format-attribute -Wundef -fPIC -D_GNU_SOURCE -D_LARGEFILE64_SOURCE -DCHECK_FUNCTION_EXISTS=strcmp   -o CMakeFiles/cmTC_8937e.dir/CheckFunctionExists.c.o   -c /usr/share/cmake-3.5/Modules/CheckFunctionExists.c
<command-line>:0:23: error: conflicting types for built-in function ‘strcmp’ [-Werror]
/usr/share/cmake-3.5/Modules/CheckFunctionExists.c:6:6: note: in expansion of macro ‘CHECK_FUNCTION_EXISTS’
 char CHECK_FUNCTION_EXISTS();
      ^
cc1: all warnings being treated as errors
CMakeFiles/cmTC_8937e.dir/build.make:65: recipe for target 'CMakeFiles/cmTC_8937e.dir/CheckFunctionExists.c.o' failed
make[3]: *** [CMakeFiles/cmTC_8937e.dir/CheckFunctionExists.c.o] Error 1
make[3]: Leaving directory '/home/pavan/APES/HWs/HW2/cmocka_unit_test/ecen5813/tutorials/unit_tests/3rd-party/build-Debug/cmocka/CMakeFiles/CMakeTmp'
Makefile:126: recipe for target 'cmTC_8937e/fast' failed
make[2]: *** [cmTC_8937e/fast] Error 2
make[2]: Leaving directory '/home/pavan/APES/HWs/HW2/cmocka_unit_test/ecen5813/tutorials/unit_tests/3rd-party/build-Debug/cmocka/CMakeFiles/CMakeTmp'


Determining if the function sprintf exists failed with the following output:
Change Dir: /home/pavan/APES/HWs/HW2/cmocka_unit_test/ecen5813/tutorials/unit_tests/3rd-party/build-Debug/cmocka/CMakeFiles/CMakeTmp

Run Build Command:"/usr/bin/make" "cmTC_92493/fast"
make[2]: Entering directory '/home/pavan/APES/HWs/HW2/cmocka_unit_test/ecen5813/tutorials/unit_tests/3rd-party/build-Debug/cmocka/CMakeFiles/CMakeTmp'
/usr/bin/make -f CMakeFiles/cmTC_92493.dir/build.make CMakeFiles/cmTC_92493.dir/build
make[3]: Entering directory '/home/pavan/APES/HWs/HW2/cmocka_unit_test/ecen5813/tutorials/unit_tests/3rd-party/build-Debug/cmocka/CMakeFiles/CMakeTmp'
Building C object CMakeFiles/cmTC_92493.dir/CheckFunctionExists.c.o
/usr/bin/cc    -Wall -Werror -g -O0 -I 3rd-party/build-Debug/include  -std=gnu99 -pedantic -pedantic-errors -Wall -Wextra -Wshadow -Wmissing-prototypes -Wdeclaration-after-statement -Wunused -Wfloat-equal -Wpointer-arith -Wwrite-strings -Wformat-security -Wmissing-format-attribute -Wundef -fPIC -D_GNU_SOURCE -D_LARGEFILE64_SOURCE -DCHECK_FUNCTION_EXISTS=sprintf   -o CMakeFiles/cmTC_92493.dir/CheckFunctionExists.c.o   -c /usr/share/cmake-3.5/Modules/CheckFunctionExists.c
<command-line>:0:23: error: conflicting types for built-in function ‘sprintf’ [-Werror]
/usr/share/cmake-3.5/Modules/CheckFunctionExists.c:6:6: note: in expansion of macro ‘CHECK_FUNCTION_EXISTS’
 char CHECK_FUNCTION_EXISTS();
      ^
cc1: all warnings being treated as errors
CMakeFiles/cmTC_92493.dir/build.make:65: recipe for target 'CMakeFiles/cmTC_92493.dir/CheckFunctionExists.c.o' failed
make[3]: *** [CMakeFiles/cmTC_92493.dir/CheckFunctionExists.c.o] Error 1
make[3]: Leaving directory '/home/pavan/APES/HWs/HW2/cmocka_unit_test/ecen5813/tutorials/unit_tests/3rd-party/build-Debug/cmocka/CMakeFiles/CMakeTmp'
Makefile:126: recipe for target 'cmTC_92493/fast' failed
make[2]: *** [cmTC_92493/fast] Error 2
make[2]: Leaving directory '/home/pavan/APES/HWs/HW2/cmocka_unit_test/ecen5813/tutorials/unit_tests/3rd-party/build-Debug/cmocka/CMakeFiles/CMakeTmp'


Determining if the function vsnprintf exists failed with the following output:
Change Dir: /home/pavan/APES/HWs/HW2/cmocka_unit_test/ecen5813/tutorials/unit_tests/3rd-party/build-Debug/cmocka/CMakeFiles/CMakeTmp

Run Build Command:"/usr/bin/make" "cmTC_90bed/fast"
make[2]: Entering directory '/home/pavan/APES/HWs/HW2/cmocka_unit_test/ecen5813/tutorials/unit_tests/3rd-party/build-Debug/cmocka/CMakeFiles/CMakeTmp'
/usr/bin/make -f CMakeFiles/cmTC_90bed.dir/build.make CMakeFiles/cmTC_90bed.dir/build
make[3]: Entering directory '/home/pavan/APES/HWs/HW2/cmocka_unit_test/ecen5813/tutorials/unit_tests/3rd-party/build-Debug/cmocka/CMakeFiles/CMakeTmp'
Building C object CMakeFiles/cmTC_90bed.dir/CheckFunctionExists.c.o
/usr/bin/cc    -Wall -Werror -g -O0 -I 3rd-party/build-Debug/include  -std=gnu99 -pedantic -pedantic-errors -Wall -Wextra -Wshadow -Wmissing-prototypes -Wdeclaration-after-statement -Wunused -Wfloat-equal -Wpointer-arith -Wwrite-strings -Wformat-security -Wmissing-format-attribute -Wundef -fPIC -D_GNU_SOURCE -D_LARGEFILE64_SOURCE -DCHECK_FUNCTION_EXISTS=vsnprintf   -o CMakeFiles/cmTC_90bed.dir/CheckFunctionExists.c.o   -c /usr/share/cmake-3.5/Modules/CheckFunctionExists.c
<command-line>:0:23: error: conflicting types for built-in function ‘vsnprintf’ [-Werror]
/usr/share/cmake-3.5/Modules/CheckFunctionExists.c:6:6: note: in expansion of macro ‘CHECK_FUNCTION_EXISTS’
 char CHECK_FUNCTION_EXISTS();
      ^
cc1: all warnings being treated as errors
CMakeFiles/cmTC_90bed.dir/build.make:65: recipe for target 'CMakeFiles/cmTC_90bed.dir/CheckFunctionExists.c.o' failed
make[3]: *** [CMakeFiles/cmTC_90bed.dir/CheckFunctionExists.c.o] Error 1
make[3]: Leaving directory '/home/pavan/APES/HWs/HW2/cmocka_unit_test/ecen5813/tutorials/unit_tests/3rd-party/build-Debug/cmocka/CMakeFiles/CMakeTmp'
Makefile:126: recipe for target 'cmTC_90bed/fast' failed
make[2]: *** [cmTC_90bed/fast] Error 2
make[2]: Leaving directory '/home/pavan/APES/HWs/HW2/cmocka_unit_test/ecen5813/tutorials/unit_tests/3rd-party/build-Debug/cmocka/CMakeFiles/CMakeTmp'


Determining if the system is big endian passed with the following output:
Change Dir: /home/pavan/APES/HWs/HW2/cmocka_unit_test/ecen5813/tutorials/unit_tests/3rd-party/build-Debug/cmocka/CMakeFiles/CMakeTmp

Run Build Command:"/usr/bin/make" "cmTC_cd3cd/fast"
make[2]: Entering directory '/home/pavan/APES/HWs/HW2/cmocka_unit_test/ecen5813/tutorials/unit_tests/3rd-party/build-Debug/cmocka/CMakeFiles/CMakeTmp'
/usr/bin/make -f CMakeFiles/cmTC_cd3cd.dir/build.make CMakeFiles/cmTC_cd3cd.dir/build
make[3]: Entering directory '/home/pavan/APES/HWs/HW2/cmocka_unit_test/ecen5813/tutorials/unit_tests/3rd-party/build-Debug/cmocka/CMakeFiles/CMakeTmp'
Building C object CMakeFiles/cmTC_cd3cd.dir/TestEndianess.c.o
/usr/bin/cc    -Wall -Werror -g -O0 -I 3rd-party/build-Debug/include  -std=gnu99 -pedantic -pedantic-errors -Wall -Wextra -Wshadow -Wmissing-prototypes -Wdeclaration-after-statement -Wunused -Wfloat-equal -Wpointer-arith -Wwrite-strings -Wformat-security -Wmissing-format-attribute -Wundef -fPIC -D_GNU_SOURCE -D_LARGEFILE64_SOURCE    -o CMakeFiles/cmTC_cd3cd.dir/TestEndianess.c.o   -c /home/pavan/APES/HWs/HW2/cmocka_unit_test/ecen5813/tutorials/unit_tests/3rd-party/build-Debug/cmocka/CMakeFiles/CMakeTmp/TestEndianess.c
Linking C executable cmTC_cd3cd
/usr/bin/cmake -E cmake_link_script CMakeFiles/cmTC_cd3cd.dir/link.txt --verbose=1
/usr/bin/cc  -Wall -Werror -g -O0 -I 3rd-party/build-Debug/include  -std=gnu99 -pedantic -pedantic-errors -Wall -Wextra -Wshadow -Wmissing-prototypes -Wdeclaration-after-statement -Wunused -Wfloat-equal -Wpointer-arith -Wwrite-strings -Wformat-security -Wmissing-format-attribute -Wundef -fPIC -D_GNU_SOURCE -D_LARGEFILE64_SOURCE     CMakeFiles/cmTC_cd3cd.dir/TestEndianess.c.o  -o cmTC_cd3cd -rdynamic 
make[3]: Leaving directory '/home/pavan/APES/HWs/HW2/cmocka_unit_test/ecen5813/tutorials/unit_tests/3rd-party/build-Debug/cmocka/CMakeFiles/CMakeTmp'
make[2]: Leaving directory '/home/pavan/APES/HWs/HW2/cmocka_unit_test/ecen5813/tutorials/unit_tests/3rd-party/build-Debug/cmocka/CMakeFiles/CMakeTmp'

TestEndianess.c:
/* A 16 bit integer is required. */
typedef unsigned short cmakeint16;

/* On a little endian machine, these 16bit ints will give "THIS IS LITTLE ENDIAN."
   On a big endian machine the characters will be exchanged pairwise. */
const cmakeint16 info_little[] =  {0x4854, 0x5349, 0x4920, 0x2053, 0x494c, 0x5454, 0x454c, 0x4520, 0x444e, 0x4149, 0x2e4e, 0x0000};

/* on a big endian machine, these 16bit ints will give "THIS IS BIG ENDIAN."
   On a little endian machine the characters will be exchanged pairwise. */
const cmakeint16 info_big[] =     {0x5448, 0x4953, 0x2049, 0x5320, 0x4249, 0x4720, 0x454e, 0x4449, 0x414e, 0x2e2e, 0x0000};

#ifdef __CLASSIC_C__
int main(argc, argv) int argc; char *argv[];
#else
int main(int argc, char *argv[])
#endif
{
  int require = 0;
  require += info_little[argc];
  require += info_big[argc];
  (void)argv;
  return require;
}


